2024-04-01T20:48:45.243+03:00  INFO 18632 --- [main] com.example.demo.ControllerRunner        : Starting ControllerRunner using Java 19.0.2 with PID 18632 (C:\demo\target\classes started by mi in C:\demo)
2024-04-01T20:48:45.250+03:00  INFO 18632 --- [main] com.example.demo.ControllerRunner        : No active profile set, falling back to 1 default profile: "default"
2024-04-01T20:48:47.641+03:00  INFO 18632 --- [main] o.s.b.w.embedded.tomcat.TomcatWebServer  : Tomcat initialized with port 80 (http)
2024-04-01T20:48:47.676+03:00  INFO 18632 --- [main] o.apache.catalina.core.StandardService   : Starting service [Tomcat]
2024-04-01T20:48:47.677+03:00  INFO 18632 --- [main] o.apache.catalina.core.StandardEngine    : Starting Servlet engine: [Apache Tomcat/10.1.19]
2024-04-01T20:48:47.855+03:00  INFO 18632 --- [main] o.a.c.c.C.[Tomcat].[localhost].[/]       : Initializing Spring embedded WebApplicationContext
2024-04-01T20:48:47.856+03:00  INFO 18632 --- [main] w.s.c.ServletWebServerApplicationContext : Root WebApplicationContext: initialization completed in 2444 ms
2024-04-01T20:48:48.648+03:00  INFO 18632 --- [main] o.s.b.w.embedded.tomcat.TomcatWebServer  : Tomcat started on port 80 (http) with context path ''
2024-04-01T20:48:48.664+03:00  INFO 18632 --- [main] com.example.demo.ControllerRunner        : Started ControllerRunner in 4.409 seconds (process running for 5.094)
2024-04-01T20:49:07.100+03:00  INFO 10000 --- [main] com.example.demo.ControllerRunner        : Starting ControllerRunner using Java 19.0.2 with PID 10000 (C:\demo\target\classes started by mi in C:\demo)
2024-04-01T20:49:07.104+03:00  INFO 10000 --- [main] com.example.demo.ControllerRunner        : No active profile set, falling back to 1 default profile: "default"
2024-04-01T20:49:09.448+03:00  INFO 10000 --- [main] o.s.b.w.embedded.tomcat.TomcatWebServer  : Tomcat initialized with port 80 (http)
2024-04-01T20:49:09.665+03:00  INFO 10000 --- [main] w.s.c.ServletWebServerApplicationContext : Root WebApplicationContext: initialization completed in 2419 ms
2024-04-01T20:49:10.657+03:00  INFO 10000 --- [main] o.s.b.w.embedded.tomcat.TomcatWebServer  : Tomcat started on port 80 (http) with context path ''
2024-04-01T20:49:10.674+03:00  INFO 10000 --- [main] com.example.demo.ControllerRunner        : Started ControllerRunner in 4.747 seconds (process running for 5.413)
2024-04-01T20:49:14.683+03:00  INFO 1136 --- [main] com.example.demo.ControllerRunner        : Starting ControllerRunner using Java 19.0.2 with PID 1136 (C:\demo\target\classes started by mi in C:\demo)
2024-04-01T20:49:14.688+03:00  INFO 1136 --- [main] com.example.demo.ControllerRunner        : No active profile set, falling back to 1 default profile: "default"
2024-04-01T20:49:16.928+03:00  INFO 1136 --- [main] o.s.b.w.embedded.tomcat.TomcatWebServer  : Tomcat initialized with port 80 (http)
2024-04-01T20:49:16.956+03:00  INFO 1136 --- [main] o.apache.catalina.core.StandardService   : Starting service [Tomcat]
2024-04-01T20:49:16.957+03:00  INFO 1136 --- [main] o.apache.catalina.core.StandardEngine    : Starting Servlet engine: [Apache Tomcat/10.1.19]
2024-04-01T20:49:17.089+03:00  INFO 1136 --- [main] o.a.c.c.C.[Tomcat].[localhost].[/]       : Initializing Spring embedded WebApplicationContext
2024-04-01T20:49:17.090+03:00  INFO 1136 --- [main] w.s.c.ServletWebServerApplicationContext : Root WebApplicationContext: initialization completed in 2248 ms
2024-04-01T20:49:17.934+03:00  INFO 1136 --- [main] o.s.b.w.embedded.tomcat.TomcatWebServer  : Tomcat started on port 80 (http) with context path ''
2024-04-01T20:49:17.948+03:00  INFO 1136 --- [main] com.example.demo.ControllerRunner        : Started ControllerRunner in 4.451 seconds (process running for 5.291)
